14:37:51.991 INFO [GridLauncherV3.parse] - Selenium server version: 3.141.59, revision: e82be7d358
14:37:52.147 INFO [GridLauncherV3.lambda$buildLaunchers$3] - Launching a standalone Selenium Server on port 4444
2019-01-03 14:37:52.221:INFO::main: Logging initialized @700ms to org.seleniumhq.jetty9.util.log.StdErrLog
14:37:52.624 INFO [WebDriverServlet.<init>] - Initialising WebDriverServlet
14:37:52.964 INFO [SeleniumServer.boot] - Selenium Server is up and running on port 4444
14:37:53.545 INFO [ActiveSessionFactory.apply] - Capabilities are: {
  "acceptSslCerts": true,
  "browserName": "chrome",
  "chromeOptions": {
    "args": [
      "start-maximized"
    ]
  },
  "javascriptEnabled": true,
  "marionette": true,
  "name": "UI Test\\ Test Cafe UI"
}
14:37:53.548 INFO [ActiveSessionFactory.lambda$apply$11] - Matched factory org.openqa.selenium.grid.session.remote.ServicedSession$Factory (provider: org.openqa.selenium.chrome.ChromeDriverService)
Starting ChromeDriver 2.44.609538 (b655c5a60b0b544917107a59d4153d4bf78e1b90) on port 39702
Only local connections are allowed.
14:38:14.469 INFO [ProtocolHandshake.createSession] - Detected dialect: OSS
14:38:25.937 INFO [RemoteSession$Factory.lambda$performHandshake$0] - Started new session 1e96c629080145dec48a7d2c9afbb702 (org.openqa.selenium.chrome.ChromeDriverService)
14:38:51.575 INFO [ActiveSessions$1.onStop] - Removing session 1e96c629080145dec48a7d2c9afbb702 (org.openqa.selenium.chrome.ChromeDriverService)
